<?xml version="1.0" encoding="UTF-8"?>
<!-- Generated by org.testng.reporters.JUnitReportReporter -->
<testsuite hostname="DESKTOP-VRA6ON9" failures="0" tests="3" name="Login.TestCase_2" time="5.952" errors="0" timestamp="2024-10-16T19:48:08 EEST" skipped="0">
  <testcase classname="Login.TestCase_2" name="Login_without_password" time="2.470"/>
  <system-out/>
  <testcase classname="Login.TestCase_2" name="Login_without_username" time="1.773"/>
  <system-out/>
  <testcase classname="Login.TestCase_2" name="Login_without_password_close_button" time="1.709"/>
  <system-out/>
</testsuite> <!-- Login.TestCase_2 -->
