<?xml version="1.0" encoding="UTF-8"?>
<!-- Generated by org.testng.reporters.JUnitReportReporter -->
<testsuite hostname="DESKTOP-VRA6ON9" failures="0" tests="1" name="Login.TestSuite_4" time="2.129" errors="0" timestamp="2024-10-16T20:29:14 EEST" skipped="0">
  <testcase classname="Login.TestSuite_4" name="Login_with_correct_credentials" time="2.129"/>
  <system-out/>
</testsuite> <!-- Login.TestSuite_4 -->
