<?xml version="1.0" encoding="UTF-8"?>
<!-- Generated by org.testng.reporters.JUnitReportReporter -->
<testsuite hostname="DESKTOP-VRA6ON9" failures="0" tests="2" name="Login.TestSuite_1" time="6.384" errors="0" timestamp="2024-10-16T20:29:14 EEST" skipped="0">
  <testcase classname="Login.TestSuite_1" name="Login_without_credentials" time="2.972"/>
  <system-out/>
  <testcase classname="Login.TestSuite_1" name="Login_without_credentials_close_button" time="3.412"/>
  <system-out/>
</testsuite> <!-- Login.TestSuite_1 -->
