<?xml version="1.0" encoding="UTF-8"?>
<!-- Generated by org.testng.reporters.JUnitReportReporter -->
<testsuite hostname="DESKTOP-VRA6ON9" failures="0" tests="2" name="Login.TestSuite_3" time="5.170" errors="0" timestamp="2024-10-16T20:29:14 EEST" skipped="0">
  <testcase classname="Login.TestSuite_3" name="Login_with_wrong_credentials" time="2.647"/>
  <system-out/>
  <testcase classname="Login.TestSuite_3" name="Login_with_wrong_credentials_close_button" time="2.523"/>
  <system-out/>
</testsuite> <!-- Login.TestSuite_3 -->
