<?xml version="1.0" encoding="UTF-8"?>
<!-- Generated by org.testng.reporters.JUnitReportReporter -->
<testsuite hostname="DESKTOP-VRA6ON9" failures="0" tests="2" name="Login.TestCase_1" time="6.609" errors="0" timestamp="2024-10-16T19:38:27 EEST" skipped="0">
  <testcase classname="Login.TestCase_1" name="Login_without_credentials" time="3.578"/>
  <system-out/>
  <testcase classname="Login.TestCase_1" name="Login_without_credentials_close_button" time="3.031"/>
  <system-out/>
</testsuite> <!-- Login.TestCase_1 -->
