<?xml version="1.0" encoding="UTF-8"?>
<!-- Generated by org.testng.reporters.JUnitReportReporter -->
<testsuite hostname="DESKTOP-VRA6ON9" failures="0" tests="3" name="Navigation.TestCase_3" time="6.623" errors="0" timestamp="2024-10-16T20:09:48 EEST" skipped="0">
  <testcase classname="Navigation.TestCase_3" name="Navigate_Twitter" time="2.099"/>
  <system-out/>
  <testcase classname="Navigation.TestCase_3" name="Navigate_LinkedIN" time="2.264"/>
  <system-out/>
  <testcase classname="Navigation.TestCase_3" name="Navigate_Facebook" time="2.260"/>
  <system-out/>
</testsuite> <!-- Navigation.TestCase_3 -->
