<?xml version="1.0" encoding="UTF-8"?>
<!-- Generated by org.testng.reporters.JUnitReportReporter -->
<testsuite hostname="DESKTOP-VRA6ON9" failures="0" tests="1" name="Navigation.TestSuite_2" time="6.649" errors="0" timestamp="2024-10-16T20:29:14 EEST" skipped="0">
  <testcase classname="Navigation.TestSuite_2" name="Navigate_LoginPage" time="6.649"/>
  <system-out/>
</testsuite> <!-- Navigation.TestSuite_2 -->
