<?xml version="1.0" encoding="UTF-8"?>
<!-- Generated by org.testng.reporters.JUnitReportReporter -->
<testsuite hostname="DESKTOP-VRA6ON9" failures="0" tests="1" name="Navigation.TestCase_2" time="2.559" errors="0" timestamp="2024-10-16T20:08:54 EEST" skipped="0">
  <testcase classname="Navigation.TestCase_2" name="Navigate_LoginPage" time="2.559"/>
  <system-out/>
</testsuite> <!-- Navigation.TestCase_2 -->
