<?xml version="1.0" encoding="UTF-8"?>
<!-- Generated by org.testng.reporters.JUnitReportReporter -->
<testsuite hostname="DESKTOP-VRA6ON9" failures="0" tests="3" name="Login.TestSuite_2" time="5.976" errors="0" timestamp="2024-10-16T20:29:14 EEST" skipped="0">
  <testcase classname="Login.TestSuite_2" name="Login_without_password" time="1.911"/>
  <system-out/>
  <testcase classname="Login.TestSuite_2" name="Login_without_username" time="2.120"/>
  <system-out/>
  <testcase classname="Login.TestSuite_2" name="Login_without_password_close_button" time="1.945"/>
  <system-out/>
</testsuite> <!-- Login.TestSuite_2 -->
