<?xml version="1.0" encoding="UTF-8"?>
<!-- Generated by org.testng.reporters.JUnitReportReporter -->
<testsuite hostname="DESKTOP-VRA6ON9" failures="0" tests="1" name="Login.TestCase_4" time="2.228" errors="0" timestamp="2024-10-16T19:51:54 EEST" skipped="0">
  <testcase classname="Login.TestCase_4" name="Login_with_correct_credentials" time="2.228"/>
  <system-out/>
</testsuite> <!-- Login.TestCase_4 -->
