<?xml version="1.0" encoding="UTF-8"?>
<!-- Generated by org.testng.reporters.JUnitReportReporter -->
<testsuite hostname="DESKTOP-VRA6ON9" failures="0" tests="4" name="Navigation.TestSuite_1" time="91.613" errors="0" timestamp="2024-10-16T20:29:14 EEST" skipped="0">
  <testcase classname="Navigation.TestSuite_1" name="Navigation_AllItems" time="11.391"/>
  <system-out/>
  <testcase classname="Navigation.TestSuite_1" name="Navigation_Close_button" time="7.422"/>
  <system-out/>
  <testcase classname="Navigation.TestSuite_1" name="Navigate_AboutPage" time="58.889"/>
  <system-out/>
  <testcase classname="Navigation.TestSuite_1" name="Reset_App_State" time="13.911"/>
  <system-out/>
</testsuite> <!-- Navigation.TestSuite_1 -->
