<?xml version="1.0" encoding="UTF-8"?>
<!-- Generated by org.testng.reporters.JUnitReportReporter -->
<testsuite hostname="Kotb" failures="0" tests="1" name="Navigation_Test_Suite.Login_Test_Case" time="7.365" errors="0" timestamp="2024-10-09T03:25:04 EEST" skipped="0">
  <testcase classname="Navigation_Test_Suite.Login_Test_Case" name="Login_navigation" time="7.365"/>
  <system-out/>
</testsuite> <!-- Navigation_Test_Suite.Login_Test_Case -->
