<?xml version="1.0" encoding="UTF-8"?>
<!-- Generated by org.testng.reporters.JUnitReportReporter -->
<testsuite hostname="DESKTOP-VRA6ON9" failures="0" tests="3" name="Navigation.TestSuite_3" time="16.582" errors="0" timestamp="2024-10-16T20:29:14 EEST" skipped="0">
  <testcase classname="Navigation.TestSuite_3" name="Navigate_Facebook" time="3.343"/>
  <system-out/>
  <testcase classname="Navigation.TestSuite_3" name="Navigate_Twitter" time="8.239"/>
  <system-out/>
  <testcase classname="Navigation.TestSuite_3" name="Navigate_LinkedIN" time="5.000"/>
  <system-out/>
</testsuite> <!-- Navigation.TestSuite_3 -->
