<?xml version="1.0" encoding="UTF-8"?>
<!-- Generated by org.testng.reporters.JUnitReportReporter -->
<testsuite hostname="DESKTOP-VRA6ON9" failures="0" tests="5" name="AddToCart.TestCase_1" time="31.366" errors="0" timestamp="2024-10-16T20:16:54 EEST" skipped="0">
  <testcase classname="AddToCart.TestCase_1" name="AddingOneItem_to_cart_successfully" time="1.920"/>
  <system-out/>
  <testcase classname="AddToCart.TestCase_1" name="Inventory_remove_button" time="12.065"/>
  <system-out/>
  <testcase classname="AddToCart.TestCase_1" name="AddingItems_to_cart_successfully" time="2.624"/>
  <system-out/>
  <testcase classname="AddToCart.TestCase_1" name="cart_continue_shopping_button" time="3.605"/>
  <system-out/>
  <testcase classname="AddToCart.TestCase_1" name="cart_remove_button" time="11.152"/>
  <system-out/>
</testsuite> <!-- AddToCart.TestCase_1 -->
