<?xml version="1.0" encoding="UTF-8"?>
<!-- Generated by org.testng.reporters.JUnitReportReporter -->
<testsuite hostname="DESKTOP-VRA6ON9" failures="0" tests="2" name="Login.TestCase_3" time="4.171" errors="0" timestamp="2024-10-16T19:51:01 EEST" skipped="0">
  <testcase classname="Login.TestCase_3" name="Login_with_wrong_credentials" time="2.413"/>
  <system-out/>
  <testcase classname="Login.TestCase_3" name="Login_with_wrong_credentials_close_button" time="1.758"/>
  <system-out/>
</testsuite> <!-- Login.TestCase_3 -->
