<?xml version="1.0" encoding="UTF-8"?>
<!-- Generated by org.testng.reporters.JUnitReportReporter -->
<testsuite hostname="DESKTOP-VRA6ON9" failures="0" tests="4" name="Navigation.TestCase_1" time="48.610" errors="0" timestamp="2024-10-16T20:06:42 EEST" skipped="0">
  <testcase classname="Navigation.TestCase_1" name="Reset_App_State" time="14.266"/>
  <system-out/>
  <testcase classname="Navigation.TestCase_1" name="Navigate_AboutPage" time="22.670"/>
  <system-out/>
  <testcase classname="Navigation.TestCase_1" name="Navigation_AllItems" time="5.258"/>
  <system-out/>
  <testcase classname="Navigation.TestCase_1" name="Navigation_Close_button" time="6.416"/>
  <system-out/>
</testsuite> <!-- Navigation.TestCase_1 -->
